Compiling the C compiler identification source file "CMakeCCompilerId.c" failed.
Compiler: /usr/bin/cc 
Build flags: 
Id flags:  

The output was:
1
/usr/bin/ld: cannot find Scrt1.o: No such file or directory
/usr/bin/ld: cannot find crti.o: No such file or directory
collect2: error: ld returned 1 exit status


Compiling the CXX compiler identification source file "CMakeCXXCompilerId.cpp" failed.
Compiler: CMAKE_CXX_COMPILER-NOTFOUND 
Build flags: 
Id flags:  

The output was:
No such file or directory


Compiling the CXX compiler identification source file "CMakeCXXCompilerId.cpp" failed.
Compiler: CMAKE_CXX_COMPILER-NOTFOUND 
Build flags: 
Id flags: -c 

The output was:
No such file or directory


Compiling the CXX compiler identification source file "CMakeCXXCompilerId.cpp" failed.
Compiler: CMAKE_CXX_COMPILER-NOTFOUND 
Build flags: 
Id flags: --c++ 

The output was:
No such file or directory


Compiling the CXX compiler identification source file "CMakeCXXCompilerId.cpp" failed.
Compiler: CMAKE_CXX_COMPILER-NOTFOUND 
Build flags: 
Id flags: --ec++ 

The output was:
No such file or directory


Compiling the CXX compiler identification source file "CMakeCXXCompilerId.cpp" failed.
Compiler: CMAKE_CXX_COMPILER-NOTFOUND 
Build flags: 
Id flags:  

The output was:
No such file or directory


Compiling the CXX compiler identification source file "CMakeCXXCompilerId.cpp" failed.
Compiler: CMAKE_CXX_COMPILER-NOTFOUND 
Build flags: 
Id flags: -c 

The output was:
No such file or directory


Compiling the CXX compiler identification source file "CMakeCXXCompilerId.cpp" failed.
Compiler: CMAKE_CXX_COMPILER-NOTFOUND 
Build flags: 
Id flags: --c++ 

The output was:
No such file or directory


Compiling the CXX compiler identification source file "CMakeCXXCompilerId.cpp" failed.
Compiler: CMAKE_CXX_COMPILER-NOTFOUND 
Build flags: 
Id flags: --ec++ 

The output was:
No such file or directory


Determining if the C compiler works failed with the following output:
Change Dir: /home/andresagudelo/Documentos/Clasificadores/Compilados/Clasificador_DCL_vs_control/CMakeFiles/CMakeTmp

Run Build Command:"/usr/bin/make" "cmTC_2debf/fast"
/usr/bin/make -f CMakeFiles/cmTC_2debf.dir/build.make CMakeFiles/cmTC_2debf.dir/build
make[1]: Entering directory '/home/andresagudelo/Documentos/Clasificadores/Compilados/Clasificador_DCL_vs_control/CMakeFiles/CMakeTmp'
Building C object CMakeFiles/cmTC_2debf.dir/testCCompiler.c.o
/usr/bin/cc    -o CMakeFiles/cmTC_2debf.dir/testCCompiler.c.o   -c /home/andresagudelo/Documentos/Clasificadores/Compilados/Clasificador_DCL_vs_control/CMakeFiles/CMakeTmp/testCCompiler.c
Linking C executable cmTC_2debf
/usr/bin/cmake -E cmake_link_script CMakeFiles/cmTC_2debf.dir/link.txt --verbose=1
/usr/bin/cc      -rdynamic CMakeFiles/cmTC_2debf.dir/testCCompiler.c.o  -o cmTC_2debf 
/usr/bin/ld: cannot find Scrt1.o: No such file or directory
/usr/bin/ld: cannot find crti.o: No such file or directory
collect2: error: ld returned 1 exit status
CMakeFiles/cmTC_2debf.dir/build.make:97: recipe for target 'cmTC_2debf' failed
make[1]: *** [cmTC_2debf] Error 1
make[1]: Leaving directory '/home/andresagudelo/Documentos/Clasificadores/Compilados/Clasificador_DCL_vs_control/CMakeFiles/CMakeTmp'
Makefile:126: recipe for target 'cmTC_2debf/fast' failed
make: *** [cmTC_2debf/fast] Error 2


